
Run     SWR     Gain    F/B     F/R     R-a     X-a     Eff.    %Res.   %Stp  thao    Z_term  sCoeff  

1-0     1.2659  10.858  28.273  22.787  46.556  -8.04   0       0    	0    	0.945   0.0265  1       
1       1.2748  10.837  28.185  22.645  44.584  -6.874  0       -0.07	0.1  	0.9459  0.0265  1       
1       1.266   10.857  28.273  22.787  46.555  -8.04   0       -7e-4	0.1  	0.945   0.0265  1       
1       1.2659  10.858  28.273  22.787  46.556  -8.04   0       0    	0.1  	0.945   0.0265  1.001   
1-1                                                                           -2.971  -0.029  0       


Run     SWR     Gain    F/B     F/R     R-a     X-a     Eff.    %Res.   %Stp  Z_term  sCoeff  

2-0     1.2659  10.858  28.271  22.783  46.558  -8.041  0       0    	0    	0.0264  1       
2       1.2659  10.858  28.271  22.786  46.557  -8.041  0       0    	0.1  	0.0264  1       
2       1.2659  10.858  28.271  22.783  46.558  -8.041  0       0    	0.1  	0.0264  1.001   
2-1                                                                           0       0       

3       1.266   10.857  28.273  22.788  46.555  -8.04   0       2.e-3	0.4  	0.0265  1       
3       1.266   10.857  28.267  22.775  46.56   -8.041  0       -3e-3	0.4  	0.0264  1.004   
3-1                                                                           0.7143  -1.286  

3-2     1.2666  10.801  28.162  22.712  46.582  -7.976  0       -0.09	10   	0.0283  0.8714  
4       1.266   10.857  28.273  22.788  46.555  -8.04   0       2.e-3	0.4  	0.0265  1       
4       1.266   10.857  28.267  22.775  46.56   -8.041  0       -3e-3	0.4  	0.0264  1.004   
4-1                                                                           0.7143  -1.286  

4-2     1.2665  10.85   28.234  22.769  46.591  -8.057  0       -0.03	2    	0.0268  0.9743  
5       1.266   10.857  28.273  22.788  46.555  -8.04   0       2.e-3	0.4  	0.0265  1       
5       1.266   10.857  28.267  22.775  46.56   -8.041  0       -3e-3	0.4  	0.0264  1.004   
5-1                                                                           0.7143  -1.286  

5-2     1.2661  10.856  28.268  22.792  46.561  -8.053  0       -2e-3	0.4  	0.0265  0.9949  
6       1.2659  10.858  28.27   22.784  46.557  -8.041  0       -7e-4	0.08 	0.0264  1       
6       1.2659  10.858  28.271  22.783  46.558  -8.041  0       0    	0.08 	0.0264  1.0008  
6-1                                                                           -2      0       

6-2     1.2659  10.858  28.27   22.783  46.558  -8.042  0       -7e-4	0.02 	0.0264  1       
